c:\users\mihit\documents\netsim\workspaces\v13.2std_intrusion_detection_system_leach\src\simulation\zigbee\x64\debug\vc143.pdb
c:\users\mihit\documents\netsim\workspaces\v13.2std_intrusion_detection_system_leach\src\simulation\zigbee\x64\debug\vc143.idb
c:\users\mihit\documents\netsim\workspaces\v13.2std_intrusion_detection_system_leach\src\simulation\zigbee\x64\debug\watchdog.obj
c:\users\mihit\documents\netsim\workspaces\v13.2std_intrusion_detection_system_leach\src\simulation\zigbee\x64\debug\unslottedcsmaca.obj
c:\users\mihit\documents\netsim\workspaces\v13.2std_intrusion_detection_system_leach\src\simulation\zigbee\x64\debug\superframe.obj
c:\users\mihit\documents\netsim\workspaces\v13.2std_intrusion_detection_system_leach\src\simulation\zigbee\x64\debug\slottedcsmaca.obj
c:\users\mihit\documents\netsim\workspaces\v13.2std_intrusion_detection_system_leach\src\simulation\zigbee\x64\debug\sinrcalculation.obj
c:\users\mihit\documents\netsim\workspaces\v13.2std_intrusion_detection_system_leach\src\simulation\zigbee\x64\debug\locatebackoffboundary.obj
c:\users\mihit\documents\netsim\workspaces\v13.2std_intrusion_detection_system_leach\src\simulation\zigbee\x64\debug\changeradiostate.obj
c:\users\mihit\documents\netsim\workspaces\v13.2std_intrusion_detection_system_leach\src\simulation\zigbee\x64\debug\cca.obj
c:\users\mihit\documents\netsim\workspaces\v13.2std_intrusion_detection_system_leach\src\simulation\zigbee\x64\debug\bercalculation.obj
c:\users\mihit\documents\netsim\workspaces\v13.2std_intrusion_detection_system_leach\src\simulation\zigbee\x64\debug\backoffcalculation.obj
c:\users\mihit\documents\netsim\workspaces\v13.2std_intrusion_detection_system_leach\src\simulation\zigbee\x64\debug\802_15_4.obj
c:\users\mihit\documents\netsim\workspaces\v13.2std_intrusion_detection_system_leach\bin_x64\libzigbee.dll
c:\users\mihit\documents\netsim\workspaces\v13.2std_intrusion_detection_system_leach\bin_x64\zigbee.pdb
c:\users\mihit\documents\netsim\workspaces\v13.2std_intrusion_detection_system_leach\bin_x64\zigbee.lib
c:\users\mihit\documents\netsim\workspaces\v13.2std_intrusion_detection_system_leach\bin_x64\zigbee.exp
c:\users\mihit\documents\netsim\workspaces\v13.2std_intrusion_detection_system_leach\src\simulation\zigbee\x64\debug\zigbee.tlog\cl.command.1.tlog
c:\users\mihit\documents\netsim\workspaces\v13.2std_intrusion_detection_system_leach\src\simulation\zigbee\x64\debug\zigbee.tlog\cl.read.1.tlog
c:\users\mihit\documents\netsim\workspaces\v13.2std_intrusion_detection_system_leach\src\simulation\zigbee\x64\debug\zigbee.tlog\cl.write.1.tlog
c:\users\mihit\documents\netsim\workspaces\v13.2std_intrusion_detection_system_leach\src\simulation\zigbee\x64\debug\zigbee.tlog\link.command.1.tlog
c:\users\mihit\documents\netsim\workspaces\v13.2std_intrusion_detection_system_leach\src\simulation\zigbee\x64\debug\zigbee.tlog\link.read.1.tlog
c:\users\mihit\documents\netsim\workspaces\v13.2std_intrusion_detection_system_leach\src\simulation\zigbee\x64\debug\zigbee.tlog\link.write.1.tlog
c:\users\mihit\documents\netsim\workspaces\v13.2std_intrusion_detection_system_leach\src\simulation\zigbee\x64\debug\zigbee.tlog\zigbee.write.1u.tlog
