c:\users\mihit\documents\netsim\workspaces\v13.2std_intrusion_detection_system_leach\src\simulation\zigbee\x64\release\vc143.pdb
c:\users\mihit\documents\netsim\workspaces\v13.2std_intrusion_detection_system_leach\src\simulation\zigbee\x64\release\vc143.idb
c:\users\mihit\documents\netsim\workspaces\v13.2std_intrusion_detection_system_leach\src\simulation\zigbee\x64\release\watchdog.obj
c:\users\mihit\documents\netsim\workspaces\v13.2std_intrusion_detection_system_leach\src\simulation\zigbee\x64\release\unslottedcsmaca.obj
c:\users\mihit\documents\netsim\workspaces\v13.2std_intrusion_detection_system_leach\src\simulation\zigbee\x64\release\superframe.obj
c:\users\mihit\documents\netsim\workspaces\v13.2std_intrusion_detection_system_leach\src\simulation\zigbee\x64\release\slottedcsmaca.obj
c:\users\mihit\documents\netsim\workspaces\v13.2std_intrusion_detection_system_leach\src\simulation\zigbee\x64\release\sinrcalculation.obj
c:\users\mihit\documents\netsim\workspaces\v13.2std_intrusion_detection_system_leach\src\simulation\zigbee\x64\release\locatebackoffboundary.obj
c:\users\mihit\documents\netsim\workspaces\v13.2std_intrusion_detection_system_leach\src\simulation\zigbee\x64\release\changeradiostate.obj
c:\users\mihit\documents\netsim\workspaces\v13.2std_intrusion_detection_system_leach\src\simulation\zigbee\x64\release\cca.obj
c:\users\mihit\documents\netsim\workspaces\v13.2std_intrusion_detection_system_leach\src\simulation\zigbee\x64\release\bercalculation.obj
c:\users\mihit\documents\netsim\workspaces\v13.2std_intrusion_detection_system_leach\src\simulation\zigbee\x64\release\backoffcalculation.obj
c:\users\mihit\documents\netsim\workspaces\v13.2std_intrusion_detection_system_leach\src\simulation\zigbee\x64\release\802_15_4.obj
c:\users\mihit\documents\netsim\workspaces\v13.2std_intrusion_detection_system_leach\bin_x64\libzigbee.dll
c:\users\mihit\documents\netsim\workspaces\v13.2std_intrusion_detection_system_leach\bin_x64\zigbee.pdb
c:\users\mihit\documents\netsim\workspaces\v13.2std_intrusion_detection_system_leach\bin_x64\zigbee.lib
c:\users\mihit\documents\netsim\workspaces\v13.2std_intrusion_detection_system_leach\bin_x64\zigbee.exp
c:\users\mihit\documents\netsim\workspaces\v13.2std_intrusion_detection_system_leach\src\simulation\zigbee\x64\release\zigbee.tlog\cl.command.1.tlog
c:\users\mihit\documents\netsim\workspaces\v13.2std_intrusion_detection_system_leach\src\simulation\zigbee\x64\release\zigbee.tlog\cl.read.1.tlog
c:\users\mihit\documents\netsim\workspaces\v13.2std_intrusion_detection_system_leach\src\simulation\zigbee\x64\release\zigbee.tlog\cl.write.1.tlog
c:\users\mihit\documents\netsim\workspaces\v13.2std_intrusion_detection_system_leach\src\simulation\zigbee\x64\release\zigbee.tlog\link.command.1.tlog
c:\users\mihit\documents\netsim\workspaces\v13.2std_intrusion_detection_system_leach\src\simulation\zigbee\x64\release\zigbee.tlog\link.read.1.tlog
c:\users\mihit\documents\netsim\workspaces\v13.2std_intrusion_detection_system_leach\src\simulation\zigbee\x64\release\zigbee.tlog\link.write.1.tlog
c:\users\mihit\documents\netsim\workspaces\v13.2std_intrusion_detection_system_leach\src\simulation\zigbee\x64\release\zigbee.tlog\zigbee.write.1u.tlog
