c:\users\mihit\documents\netsim\workspaces\v13.2std_intrusion_detection_system_leach\src\simulation\dsr\x64\release\vc143.pdb
c:\users\mihit\documents\netsim\workspaces\v13.2std_intrusion_detection_system_leach\src\simulation\dsr\x64\release\vc143.idb
c:\users\mihit\documents\netsim\workspaces\v13.2std_intrusion_detection_system_leach\src\simulation\dsr\x64\release\sourceroute.obj
c:\users\mihit\documents\netsim\workspaces\v13.2std_intrusion_detection_system_leach\src\simulation\dsr\x64\release\sendbuffer.obj
c:\users\mihit\documents\netsim\workspaces\v13.2std_intrusion_detection_system_leach\src\simulation\dsr\x64\release\routerequest.obj
c:\users\mihit\documents\netsim\workspaces\v13.2std_intrusion_detection_system_leach\src\simulation\dsr\x64\release\routereply.obj
c:\users\mihit\documents\netsim\workspaces\v13.2std_intrusion_detection_system_leach\src\simulation\dsr\x64\release\routeerror.obj
c:\users\mihit\documents\netsim\workspaces\v13.2std_intrusion_detection_system_leach\src\simulation\dsr\x64\release\routecache.obj
c:\users\mihit\documents\netsim\workspaces\v13.2std_intrusion_detection_system_leach\src\simulation\dsr\x64\release\pathrater.obj
c:\users\mihit\documents\netsim\workspaces\v13.2std_intrusion_detection_system_leach\src\simulation\dsr\x64\release\packetprocessing.obj
c:\users\mihit\documents\netsim\workspaces\v13.2std_intrusion_detection_system_leach\src\simulation\dsr\x64\release\network_layer_ack.obj
c:\users\mihit\documents\netsim\workspaces\v13.2std_intrusion_detection_system_leach\src\simulation\dsr\x64\release\malicious.obj
c:\users\mihit\documents\netsim\workspaces\v13.2std_intrusion_detection_system_leach\src\simulation\dsr\x64\release\maintbuffer.obj
c:\users\mihit\documents\netsim\workspaces\v13.2std_intrusion_detection_system_leach\src\simulation\dsr\x64\release\leach.obj
c:\users\mihit\documents\netsim\workspaces\v13.2std_intrusion_detection_system_leach\src\simulation\dsr\x64\release\dsr.obj
c:\users\mihit\documents\netsim\workspaces\v13.2std_intrusion_detection_system_leach\src\simulation\dsr\x64\release\checkroutefound.obj
c:\users\mihit\documents\netsim\workspaces\v13.2std_intrusion_detection_system_leach\src\simulation\lib_x64\libdsr.lib
c:\users\mihit\documents\netsim\workspaces\v13.2std_intrusion_detection_system_leach\src\simulation\lib_x64\libdsr.exp
c:\users\mihit\documents\netsim\workspaces\v13.2std_intrusion_detection_system_leach\bin_x64\libdsr.dll
c:\users\mihit\documents\netsim\workspaces\v13.2std_intrusion_detection_system_leach\bin_x64\dsr.pdb
c:\users\mihit\documents\netsim\workspaces\v13.2std_intrusion_detection_system_leach\src\simulation\dsr\x64\release\dsr.tlog\cl.command.1.tlog
c:\users\mihit\documents\netsim\workspaces\v13.2std_intrusion_detection_system_leach\src\simulation\dsr\x64\release\dsr.tlog\cl.read.1.tlog
c:\users\mihit\documents\netsim\workspaces\v13.2std_intrusion_detection_system_leach\src\simulation\dsr\x64\release\dsr.tlog\cl.write.1.tlog
c:\users\mihit\documents\netsim\workspaces\v13.2std_intrusion_detection_system_leach\src\simulation\dsr\x64\release\dsr.tlog\dsr.write.1u.tlog
c:\users\mihit\documents\netsim\workspaces\v13.2std_intrusion_detection_system_leach\src\simulation\dsr\x64\release\dsr.tlog\link.command.1.tlog
c:\users\mihit\documents\netsim\workspaces\v13.2std_intrusion_detection_system_leach\src\simulation\dsr\x64\release\dsr.tlog\link.read.1.tlog
c:\users\mihit\documents\netsim\workspaces\v13.2std_intrusion_detection_system_leach\src\simulation\dsr\x64\release\dsr.tlog\link.write.1.tlog
