c:\users\mihit\documents\netsim\workspaces\v13.2std_intrusion_detection_system_leach\src\simulation\dsr\x64\debug\vc143.pdb
c:\users\mihit\documents\netsim\workspaces\v13.2std_intrusion_detection_system_leach\src\simulation\dsr\x64\debug\vc143.idb
c:\users\mihit\documents\netsim\workspaces\v13.2std_intrusion_detection_system_leach\src\simulation\dsr\x64\debug\sourceroute.obj
c:\users\mihit\documents\netsim\workspaces\v13.2std_intrusion_detection_system_leach\src\simulation\dsr\x64\debug\sendbuffer.obj
c:\users\mihit\documents\netsim\workspaces\v13.2std_intrusion_detection_system_leach\src\simulation\dsr\x64\debug\routerequest.obj
c:\users\mihit\documents\netsim\workspaces\v13.2std_intrusion_detection_system_leach\src\simulation\dsr\x64\debug\routereply.obj
c:\users\mihit\documents\netsim\workspaces\v13.2std_intrusion_detection_system_leach\src\simulation\dsr\x64\debug\routeerror.obj
c:\users\mihit\documents\netsim\workspaces\v13.2std_intrusion_detection_system_leach\src\simulation\dsr\x64\debug\routecache.obj
c:\users\mihit\documents\netsim\workspaces\v13.2std_intrusion_detection_system_leach\src\simulation\dsr\x64\debug\pathrater.obj
c:\users\mihit\documents\netsim\workspaces\v13.2std_intrusion_detection_system_leach\src\simulation\dsr\x64\debug\packetprocessing.obj
c:\users\mihit\documents\netsim\workspaces\v13.2std_intrusion_detection_system_leach\src\simulation\dsr\x64\debug\network_layer_ack.obj
c:\users\mihit\documents\netsim\workspaces\v13.2std_intrusion_detection_system_leach\src\simulation\dsr\x64\debug\malicious.obj
c:\users\mihit\documents\netsim\workspaces\v13.2std_intrusion_detection_system_leach\src\simulation\dsr\x64\debug\maintbuffer.obj
c:\users\mihit\documents\netsim\workspaces\v13.2std_intrusion_detection_system_leach\src\simulation\dsr\x64\debug\leach.obj
c:\users\mihit\documents\netsim\workspaces\v13.2std_intrusion_detection_system_leach\src\simulation\dsr\x64\debug\dsr.obj
c:\users\mihit\documents\netsim\workspaces\v13.2std_intrusion_detection_system_leach\src\simulation\dsr\x64\debug\checkroutefound.obj
c:\users\mihit\documents\netsim\workspaces\v13.2std_intrusion_detection_system_leach\bin_x64\dsr.lib
c:\users\mihit\documents\netsim\workspaces\v13.2std_intrusion_detection_system_leach\bin_x64\dsr.exp
c:\users\mihit\documents\netsim\workspaces\v13.2std_intrusion_detection_system_leach\bin_x64\libdsr.dll
c:\users\mihit\documents\netsim\workspaces\v13.2std_intrusion_detection_system_leach\bin_x64\dsr.pdb
c:\users\mihit\documents\netsim\workspaces\v13.2std_intrusion_detection_system_leach\src\simulation\dsr\x64\debug\dsr.tlog\cl.command.1.tlog
c:\users\mihit\documents\netsim\workspaces\v13.2std_intrusion_detection_system_leach\src\simulation\dsr\x64\debug\dsr.tlog\cl.read.1.tlog
c:\users\mihit\documents\netsim\workspaces\v13.2std_intrusion_detection_system_leach\src\simulation\dsr\x64\debug\dsr.tlog\cl.write.1.tlog
c:\users\mihit\documents\netsim\workspaces\v13.2std_intrusion_detection_system_leach\src\simulation\dsr\x64\debug\dsr.tlog\dsr.write.1u.tlog
c:\users\mihit\documents\netsim\workspaces\v13.2std_intrusion_detection_system_leach\src\simulation\dsr\x64\debug\dsr.tlog\link.command.1.tlog
c:\users\mihit\documents\netsim\workspaces\v13.2std_intrusion_detection_system_leach\src\simulation\dsr\x64\debug\dsr.tlog\link.read.1.tlog
c:\users\mihit\documents\netsim\workspaces\v13.2std_intrusion_detection_system_leach\src\simulation\dsr\x64\debug\dsr.tlog\link.write.1.tlog
